{"C:\\Users\\Виктория\\class-components\\src\\App.tsx": {"path":"C:\\Users\\Виктория\\class-components\\src\\App.tsx","statementMap":{"0":{"start":{"line":17,"column":24},"end":{"line":21,"column":null}},"1":{"start":{"line":23,"column":2},"end":{"line":26,"column":null}},"2":{"start":{"line":29,"column":2},"end":{"line":30,"column":null}},"3":{"start":{"line":26,"column":4},"end":{"line":26,"column":null}},"4":{"start":{"line":30,"column":4},"end":{"line":30,"column":null}},"5":{"start":{"line":34,"column":4},"end":{"line":50,"column":null}},"6":{"start":{"line":40,"column":44},"end":{"line":40,"column":null}}},"fnMap":{"0":{"name":"(anonymous_0)","decl":{"start":{"line":23,"column":2},"end":{"line":23,"column":null}},"loc":{"start":{"line":25,"column":7},"end":{"line":26,"column":null}},"line":25},"1":{"name":"(anonymous_1)","decl":{"start":{"line":29,"column":2},"end":{"line":29,"column":23}},"loc":{"start":{"line":29,"column":48},"end":{"line":30,"column":null}},"line":29},"2":{"name":"(anonymous_2)","decl":{"start":{"line":33,"column":2},"end":{"line":33,"column":11}},"loc":{"start":{"line":33,"column":11},"end":{"line":50,"column":null}},"line":33},"3":{"name":"(anonymous_3)","decl":{"start":{"line":40,"column":12},"end":{"line":40,"column":30}},"loc":{"start":{"line":40,"column":44},"end":{"line":40,"column":null}},"line":40}},"branchMap":{},"s":{"0":4,"1":3,"2":9,"3":3,"4":9,"5":21,"6":9},"f":{"0":3,"1":9,"2":21,"3":9},"b":{},"meta":{"lastBranch":0,"lastFunction":4,"lastStatement":7,"seen":{"s:17:24:21:Infinity":0,"s:23:2:26:Infinity":1,"s:29:2:30:Infinity":2,"f:23:2:23:Infinity":0,"s:26:4:26:Infinity":3,"f:29:2:29:23":1,"s:30:4:30:Infinity":4,"f:33:2:33:11":2,"s:34:4:50:Infinity":5,"f:40:12:40:30":3,"s:40:44:40:Infinity":6}}}
,"C:\\Users\\Виктория\\class-components\\src\\components\\ErrorBoundary.tsx": {"path":"C:\\Users\\Виктория\\class-components\\src\\components\\ErrorBoundary.tsx","statementMap":{"0":{"start":{"line":15,"column":30},"end":{"line":16,"column":null}},"1":{"start":{"line":20,"column":4},"end":{"line":20,"column":null}},"2":{"start":{"line":24,"column":4},"end":{"line":24,"column":null}},"3":{"start":{"line":28,"column":4},"end":{"line":29,"column":null}},"4":{"start":{"line":29,"column":6},"end":{"line":29,"column":null}},"5":{"start":{"line":31,"column":4},"end":{"line":31,"column":null}}},"fnMap":{"0":{"name":"(anonymous_0)","decl":{"start":{"line":19,"column":9},"end":{"line":19,"column":36}},"loc":{"start":{"line":19,"column":36},"end":{"line":20,"column":null}},"line":19},"1":{"name":"(anonymous_1)","decl":{"start":{"line":23,"column":2},"end":{"line":23,"column":20}},"loc":{"start":{"line":23,"column":62},"end":{"line":24,"column":null}},"line":23},"2":{"name":"(anonymous_2)","decl":{"start":{"line":27,"column":2},"end":{"line":27,"column":11}},"loc":{"start":{"line":27,"column":11},"end":{"line":31,"column":null}},"line":27}},"branchMap":{"0":{"loc":{"start":{"line":28,"column":4},"end":{"line":29,"column":null}},"type":"if","locations":[{"start":{"line":28,"column":4},"end":{"line":29,"column":null}},{"start":{},"end":{}}],"line":28}},"s":{"0":9,"1":4,"2":2,"3":30,"4":4,"5":26},"f":{"0":2,"1":2,"2":30},"b":{"0":[4,26]},"meta":{"lastBranch":1,"lastFunction":3,"lastStatement":6,"seen":{"s:15:30:16:Infinity":0,"f:19:9:19:36":0,"s:20:4:20:Infinity":1,"f:23:2:23:20":1,"s:24:4:24:Infinity":2,"f:27:2:27:11":2,"b:28:4:29:Infinity:undefined:undefined:undefined:undefined":0,"s:28:4:29:Infinity":3,"s:29:6:29:Infinity":4,"s:31:4:31:Infinity":5}}}
,"C:\\Users\\Виктория\\class-components\\src\\components\\ErrorButton.tsx": {"path":"C:\\Users\\Виктория\\class-components\\src\\components\\ErrorButton.tsx","statementMap":{"0":{"start":{"line":4,"column":10},"end":{"line":4,"column":32}},"1":{"start":{"line":6,"column":2},"end":{"line":7,"column":null}},"2":{"start":{"line":7,"column":4},"end":{"line":7,"column":null}},"3":{"start":{"line":11,"column":4},"end":{"line":12,"column":null}},"4":{"start":{"line":12,"column":6},"end":{"line":12,"column":null}},"5":{"start":{"line":14,"column":4},"end":{"line":17,"column":null}}},"fnMap":{"0":{"name":"(anonymous_0)","decl":{"start":{"line":6,"column":2},"end":{"line":6,"column":22}},"loc":{"start":{"line":6,"column":22},"end":{"line":7,"column":null}},"line":6},"1":{"name":"(anonymous_1)","decl":{"start":{"line":10,"column":2},"end":{"line":10,"column":11}},"loc":{"start":{"line":10,"column":11},"end":{"line":17,"column":null}},"line":10}},"branchMap":{"0":{"loc":{"start":{"line":11,"column":4},"end":{"line":12,"column":null}},"type":"if","locations":[{"start":{"line":11,"column":4},"end":{"line":12,"column":null}},{"start":{},"end":{}}],"line":11}},"s":{"0":7,"1":1,"2":1,"3":26,"4":2,"5":24},"f":{"0":1,"1":26},"b":{"0":[2,24]},"meta":{"lastBranch":1,"lastFunction":2,"lastStatement":6,"seen":{"s:4:10:4:32":0,"s:6:2:7:Infinity":1,"f:6:2:6:22":0,"s:7:4:7:Infinity":2,"f:10:2:10:11":1,"b:11:4:12:Infinity:undefined:undefined:undefined:undefined":0,"s:11:4:12:Infinity":3,"s:12:6:12:Infinity":4,"s:14:4:17:Infinity":5}}}
,"C:\\Users\\Виктория\\class-components\\src\\components\\Results.tsx": {"path":"C:\\Users\\Виктория\\class-components\\src\\components\\Results.tsx","statementMap":{"0":{"start":{"line":13,"column":4},"end":{"line":14,"column":null}},"1":{"start":{"line":14,"column":6},"end":{"line":14,"column":null}},"2":{"start":{"line":17,"column":4},"end":{"line":21,"column":null}},"3":{"start":{"line":18,"column":6},"end":{"line":21,"column":null}},"4":{"start":{"line":25,"column":4},"end":{"line":42,"column":null}},"5":{"start":{"line":37,"column":14},"end":{"line":40,"column":null}}},"fnMap":{"0":{"name":"(anonymous_0)","decl":{"start":{"line":12,"column":2},"end":{"line":12,"column":11}},"loc":{"start":{"line":12,"column":11},"end":{"line":42,"column":null}},"line":12},"1":{"name":"(anonymous_1)","decl":{"start":{"line":36,"column":30},"end":{"line":36,"column":35}},"loc":{"start":{"line":37,"column":14},"end":{"line":40,"column":null}},"line":37}},"branchMap":{"0":{"loc":{"start":{"line":13,"column":4},"end":{"line":14,"column":null}},"type":"if","locations":[{"start":{"line":13,"column":4},"end":{"line":14,"column":null}},{"start":{},"end":{}}],"line":13},"1":{"loc":{"start":{"line":17,"column":4},"end":{"line":21,"column":null}},"type":"if","locations":[{"start":{"line":17,"column":4},"end":{"line":21,"column":null}},{"start":{},"end":{}}],"line":17}},"s":{"0":25,"1":7,"2":18,"3":2,"4":16,"5":7},"f":{"0":25,"1":7},"b":{"0":[7,18],"1":[2,16]},"meta":{"lastBranch":2,"lastFunction":2,"lastStatement":6,"seen":{"f:12:2:12:11":0,"b:13:4:14:Infinity:undefined:undefined:undefined:undefined":0,"s:13:4:14:Infinity":0,"s:14:6:14:Infinity":1,"b:17:4:21:Infinity:undefined:undefined:undefined:undefined":1,"s:17:4:21:Infinity":2,"s:18:6:21:Infinity":3,"s:25:4:42:Infinity":4,"f:36:30:36:35":1,"s:37:14:40:Infinity":5}}}
,"C:\\Users\\Виктория\\class-components\\src\\components\\Search.tsx": {"path":"C:\\Users\\Виктория\\class-components\\src\\components\\Search.tsx","statementMap":{"0":{"start":{"line":14,"column":23},"end":{"line":17,"column":null}},"1":{"start":{"line":27,"column":13},"end":{"line":61,"column":null}},"2":{"start":{"line":65,"column":2},"end":{"line":69,"column":null}},"3":{"start":{"line":20,"column":18},"end":{"line":20,"column":52}},"4":{"start":{"line":22,"column":4},"end":{"line":24,"column":null}},"5":{"start":{"line":23,"column":6},"end":{"line":23,"column":null}},"6":{"start":{"line":28,"column":20},"end":{"line":28,"column":43}},"7":{"start":{"line":30,"column":4},"end":{"line":30,"column":null}},"8":{"start":{"line":30,"column":47},"end":{"line":30,"column":null}},"9":{"start":{"line":31,"column":4},"end":{"line":31,"column":null}},"10":{"start":{"line":31,"column":24},"end":{"line":31,"column":null}},"11":{"start":{"line":33,"column":4},"end":{"line":33,"column":null}},"12":{"start":{"line":35,"column":16},"end":{"line":35,"column":null}},"13":{"start":{"line":37,"column":4},"end":{"line":61,"column":null}},"14":{"start":{"line":38,"column":23},"end":{"line":38,"column":39}},"15":{"start":{"line":39,"column":6},"end":{"line":57,"column":null}},"16":{"start":{"line":40,"column":8},"end":{"line":40,"column":null}},"17":{"start":{"line":42,"column":8},"end":{"line":42,"column":null}},"18":{"start":{"line":44,"column":21},"end":{"line":44,"column":42}},"19":{"start":{"line":45,"column":22},"end":{"line":49,"column":null}},"20":{"start":{"line":46,"column":61},"end":{"line":49,"column":null}},"21":{"start":{"line":51,"column":8},"end":{"line":51,"column":null}},"22":{"start":{"line":52,"column":8},"end":{"line":52,"column":null}},"23":{"start":{"line":54,"column":8},"end":{"line":56,"column":null}},"24":{"start":{"line":57,"column":8},"end":{"line":57,"column":null}},"25":{"start":{"line":60,"column":6},"end":{"line":60,"column":null}},"26":{"start":{"line":61,"column":6},"end":{"line":61,"column":null}},"27":{"start":{"line":66,"column":4},"end":{"line":68,"column":null}},"28":{"start":{"line":69,"column":4},"end":{"line":69,"column":null}},"29":{"start":{"line":73,"column":4},"end":{"line":76,"column":null}},"30":{"start":{"line":76,"column":31},"end":{"line":76,"column":46}}},"fnMap":{"0":{"name":"(anonymous_0)","decl":{"start":{"line":19,"column":2},"end":{"line":19,"column":28}},"loc":{"start":{"line":19,"column":28},"end":{"line":24,"column":null}},"line":19},"1":{"name":"(anonymous_1)","decl":{"start":{"line":22,"column":40},"end":{"line":22,"column":48}},"loc":{"start":{"line":22,"column":48},"end":{"line":24,"column":null}},"line":22},"2":{"name":"(anonymous_2)","decl":{"start":{"line":27,"column":13},"end":{"line":27,"column":40}},"loc":{"start":{"line":27,"column":40},"end":{"line":61,"column":null}},"line":27},"3":{"name":"(anonymous_3)","decl":{"start":{"line":45,"column":35},"end":{"line":45,"column":null}},"loc":{"start":{"line":46,"column":61},"end":{"line":49,"column":null}},"line":46},"4":{"name":"(anonymous_4)","decl":{"start":{"line":65,"column":2},"end":{"line":65,"column":22}},"loc":{"start":{"line":65,"column":59},"end":{"line":69,"column":null}},"line":65},"5":{"name":"(anonymous_5)","decl":{"start":{"line":72,"column":2},"end":{"line":72,"column":11}},"loc":{"start":{"line":72,"column":11},"end":{"line":76,"column":null}},"line":72},"6":{"name":"(anonymous_6)","decl":{"start":{"line":76,"column":16},"end":{"line":76,"column":31}},"loc":{"start":{"line":76,"column":31},"end":{"line":76,"column":46}},"line":76}},"branchMap":{"0":{"loc":{"start":{"line":22,"column":27},"end":{"line":22,"column":40}},"type":"binary-expr","locations":[{"start":{"line":22,"column":27},"end":{"line":22,"column":36}},{"start":{"line":22,"column":36},"end":{"line":22,"column":40}}],"line":22},"1":{"loc":{"start":{"line":30,"column":4},"end":{"line":30,"column":null}},"type":"if","locations":[{"start":{"line":30,"column":4},"end":{"line":30,"column":null}},{"start":{},"end":{}}],"line":30},"2":{"loc":{"start":{"line":31,"column":4},"end":{"line":31,"column":null}},"type":"if","locations":[{"start":{"line":31,"column":4},"end":{"line":31,"column":null}},{"start":{},"end":{}}],"line":31},"3":{"loc":{"start":{"line":39,"column":6},"end":{"line":57,"column":null}},"type":"if","locations":[{"start":{"line":39,"column":6},"end":{"line":57,"column":null}},{"start":{"line":53,"column":13},"end":{"line":57,"column":null}}],"line":39}},"s":{"0":10,"1":13,"2":27,"3":10,"4":10,"5":10,"6":13,"7":13,"8":5,"9":8,"10":0,"11":8,"12":8,"13":8,"14":8,"15":6,"16":4,"17":4,"18":4,"19":4,"20":5,"21":4,"22":4,"23":1,"24":1,"25":2,"26":2,"27":27,"28":27,"29":57,"30":3},"f":{"0":10,"1":10,"2":13,"3":5,"4":27,"5":57,"6":3},"b":{"0":[10,5],"1":[5,8],"2":[0,8],"3":[4,1]},"meta":{"lastBranch":4,"lastFunction":7,"lastStatement":31,"seen":{"s:14:23:17:Infinity":0,"s:27:13:61:Infinity":1,"s:65:2:69:Infinity":2,"f:19:2:19:28":0,"s:20:18:20:52":3,"s:22:4:24:Infinity":4,"b:22:27:22:36:22:36:22:40":0,"f:22:40:22:48":1,"s:23:6:23:Infinity":5,"f:27:13:27:40":2,"s:28:20:28:43":6,"b:30:4:30:Infinity:undefined:undefined:undefined:undefined":1,"s:30:4:30:Infinity":7,"s:30:47:30:Infinity":8,"b:31:4:31:Infinity:undefined:undefined:undefined:undefined":2,"s:31:4:31:Infinity":9,"s:31:24:31:Infinity":10,"s:33:4:33:Infinity":11,"s:35:16:35:Infinity":12,"s:37:4:61:Infinity":13,"s:38:23:38:39":14,"b:39:6:57:Infinity:53:13:57:Infinity":3,"s:39:6:57:Infinity":15,"s:40:8:40:Infinity":16,"s:42:8:42:Infinity":17,"s:44:21:44:42":18,"s:45:22:49:Infinity":19,"f:45:35:45:Infinity":3,"s:46:61:49:Infinity":20,"s:51:8:51:Infinity":21,"s:52:8:52:Infinity":22,"s:54:8:56:Infinity":23,"s:57:8:57:Infinity":24,"s:60:6:60:Infinity":25,"s:61:6:61:Infinity":26,"f:65:2:65:22":4,"s:66:4:68:Infinity":27,"s:69:4:69:Infinity":28,"f:72:2:72:11":5,"s:73:4:76:Infinity":29,"f:76:16:76:31":6,"s:76:31:76:46":30}}}
}
