{"C:\\Users\\Виктория\\class-components\\src\\components\\Item.tsx": {"path":"C:\\Users\\Виктория\\class-components\\src\\components\\Item.tsx","statementMap":{"0":{"start":{"line":8,"column":22},"end":{"line":8,"column":60}},"1":{"start":{"line":10,"column":8},"end":{"line":12,"column":null}},"2":{"start":{"line":11,"column":4},"end":{"line":11,"column":null}},"3":{"start":{"line":12,"column":4},"end":{"line":12,"column":null}},"4":{"start":{"line":15,"column":2},"end":{"line":26,"column":null}}},"fnMap":{"0":{"name":"Item","decl":{"start":{"line":7,"column":24},"end":{"line":7,"column":29}},"loc":{"start":{"line":7,"column":50},"end":{"line":26,"column":null}},"line":7},"1":{"name":"(anonymous_1)","decl":{"start":{"line":10,"column":8},"end":{"line":10,"column":27}},"loc":{"start":{"line":10,"column":51},"end":{"line":12,"column":null}},"line":10}},"branchMap":{},"s":{"0":2,"1":2,"2":0,"3":0,"4":2},"f":{"0":2,"1":0},"b":{},"meta":{"lastBranch":0,"lastFunction":2,"lastStatement":5,"seen":{"f:7:24:7:29":0,"s:8:22:8:60":0,"s:10:8:12:Infinity":1,"f:10:8:10:27":1,"s:11:4:11:Infinity":2,"s:12:4:12:Infinity":3,"s:15:2:26:Infinity":4}}}
,"C:\\Users\\Виктория\\class-components\\src\\components\\Pagination.tsx": {"path":"C:\\Users\\Виктория\\class-components\\src\\components\\Pagination.tsx","statementMap":{"0":{"start":{"line":16,"column":6},"end":{"line":46,"column":null}},"1":{"start":{"line":17,"column":68},"end":{"line":17,"column":null}},"2":{"start":{"line":19,"column":8},"end":{"line":20,"column":null}},"3":{"start":{"line":20,"column":4},"end":{"line":20,"column":null}},"4":{"start":{"line":22,"column":8},"end":{"line":23,"column":null}},"5":{"start":{"line":23,"column":4},"end":{"line":23,"column":null}},"6":{"start":{"line":26,"column":2},"end":{"line":46,"column":null}}},"fnMap":{"0":{"name":"(anonymous_0)","decl":{"start":{"line":16,"column":6},"end":{"line":16,"column":20}},"loc":{"start":{"line":16,"column":47},"end":{"line":46,"column":null}},"line":16},"1":{"name":"(anonymous_1)","decl":{"start":{"line":19,"column":8},"end":{"line":19,"column":36}},"loc":{"start":{"line":19,"column":36},"end":{"line":20,"column":null}},"line":19},"2":{"name":"(anonymous_2)","decl":{"start":{"line":22,"column":8},"end":{"line":22,"column":36}},"loc":{"start":{"line":22,"column":36},"end":{"line":23,"column":null}},"line":22}},"branchMap":{"0":{"loc":{"start":{"line":17,"column":10},"end":{"line":17,"column":22}},"type":"default-arg","locations":[{"start":{"line":17,"column":16},"end":{"line":17,"column":22}}],"line":17},"1":{"loc":{"start":{"line":35,"column":7},"end":{"line":38,"column":null}},"type":"binary-expr","locations":[{"start":{"line":35,"column":7},"end":{"line":35,"column":null}},{"start":{"line":36,"column":8},"end":{"line":38,"column":null}}],"line":35}},"s":{"0":1,"1":2,"2":2,"3":0,"4":2,"5":0,"6":2},"f":{"0":2,"1":0,"2":0},"b":{"0":[2],"1":[2,2]},"meta":{"lastBranch":2,"lastFunction":3,"lastStatement":7,"seen":{"s:16:6:46:Infinity":0,"f:16:6:16:20":0,"s:17:68:17:Infinity":1,"b:17:16:17:22":0,"s:19:8:20:Infinity":2,"f:19:8:19:36":1,"s:20:4:20:Infinity":3,"s:22:8:23:Infinity":4,"f:22:8:22:36":2,"s:23:4:23:Infinity":5,"s:26:2:46:Infinity":6,"b:35:7:35:Infinity:36:8:38:Infinity":1}}}
,"C:\\Users\\Виктория\\class-components\\src\\components\\RefreshButton.tsx": {"path":"C:\\Users\\Виктория\\class-components\\src\\components\\RefreshButton.tsx","statementMap":{"0":{"start":{"line":6,"column":2},"end":{"line":9,"column":null}}},"fnMap":{"0":{"name":"RefreshButton","decl":{"start":{"line":5,"column":24},"end":{"line":5,"column":38}},"loc":{"start":{"line":5,"column":77},"end":{"line":9,"column":null}},"line":5}},"branchMap":{},"s":{"0":97},"f":{"0":97},"b":{},"meta":{"lastBranch":0,"lastFunction":1,"lastStatement":1,"seen":{"f:5:24:5:38":0,"s:6:2:9:Infinity":0}}}
,"C:\\Users\\Виктория\\class-components\\src\\components\\Results.tsx": {"path":"C:\\Users\\Виктория\\class-components\\src\\components\\Results.tsx","statementMap":{"0":{"start":{"line":7,"column":22},"end":{"line":7,"column":null}},"1":{"start":{"line":14,"column":6},"end":{"line":15,"column":37}},"2":{"start":{"line":15,"column":2},"end":{"line":15,"column":37}},"3":{"start":{"line":18,"column":23},"end":{"line":18,"column":59}},"4":{"start":{"line":19,"column":15},"end":{"line":19,"column":null}},"5":{"start":{"line":21,"column":8},"end":{"line":25,"column":19}},"6":{"start":{"line":22,"column":10},"end":{"line":22,"column":null}},"7":{"start":{"line":23,"column":21},"end":{"line":23,"column":null}},"8":{"start":{"line":24,"column":4},"end":{"line":24,"column":null}},"9":{"start":{"line":27,"column":8},"end":{"line":30,"column":null}},"10":{"start":{"line":28,"column":17},"end":{"line":28,"column":null}},"11":{"start":{"line":29,"column":25},"end":{"line":29,"column":null}},"12":{"start":{"line":30,"column":4},"end":{"line":30,"column":null}},"13":{"start":{"line":33,"column":8},"end":{"line":36,"column":null}},"14":{"start":{"line":34,"column":17},"end":{"line":34,"column":null}},"15":{"start":{"line":35,"column":25},"end":{"line":35,"column":null}},"16":{"start":{"line":36,"column":4},"end":{"line":36,"column":null}},"17":{"start":{"line":39,"column":2},"end":{"line":39,"column":null}},"18":{"start":{"line":39,"column":17},"end":{"line":39,"column":null}},"19":{"start":{"line":41,"column":2},"end":{"line":41,"column":null}},"20":{"start":{"line":41,"column":13},"end":{"line":41,"column":null}},"21":{"start":{"line":43,"column":2},"end":{"line":43,"column":null}},"22":{"start":{"line":43,"column":26},"end":{"line":43,"column":null}},"23":{"start":{"line":45,"column":2},"end":{"line":72,"column":null}},"24":{"start":{"line":58,"column":12},"end":{"line":58,"column":null}}},"fnMap":{"0":{"name":"(anonymous_0)","decl":{"start":{"line":14,"column":6},"end":{"line":14,"column":27}},"loc":{"start":{"line":15,"column":2},"end":{"line":15,"column":37}},"line":15},"1":{"name":"Results","decl":{"start":{"line":17,"column":24},"end":{"line":17,"column":32}},"loc":{"start":{"line":17,"column":75},"end":{"line":72,"column":null}},"line":17},"2":{"name":"(anonymous_2)","decl":{"start":{"line":21,"column":27},"end":{"line":21,"column":41}},"loc":{"start":{"line":21,"column":41},"end":{"line":25,"column":6}},"line":21},"3":{"name":"(anonymous_3)","decl":{"start":{"line":27,"column":8},"end":{"line":27,"column":36}},"loc":{"start":{"line":27,"column":36},"end":{"line":30,"column":null}},"line":27},"4":{"name":"(anonymous_4)","decl":{"start":{"line":33,"column":8},"end":{"line":33,"column":36}},"loc":{"start":{"line":33,"column":36},"end":{"line":36,"column":null}},"line":33},"5":{"name":"(anonymous_5)","decl":{"start":{"line":57,"column":28},"end":{"line":57,"column":33}},"loc":{"start":{"line":58,"column":12},"end":{"line":58,"column":null}},"line":58}},"branchMap":{"0":{"loc":{"start":{"line":19,"column":15},"end":{"line":19,"column":null}},"type":"binary-expr","locations":[{"start":{"line":19,"column":15},"end":{"line":19,"column":47}},{"start":{"line":19,"column":51},"end":{"line":19,"column":null}}],"line":19},"1":{"loc":{"start":{"line":29,"column":25},"end":{"line":29,"column":null}},"type":"binary-expr","locations":[{"start":{"line":29,"column":25},"end":{"line":29,"column":46}},{"start":{"line":29,"column":50},"end":{"line":29,"column":null}}],"line":29},"2":{"loc":{"start":{"line":35,"column":25},"end":{"line":35,"column":null}},"type":"binary-expr","locations":[{"start":{"line":35,"column":25},"end":{"line":35,"column":46}},{"start":{"line":35,"column":50},"end":{"line":35,"column":null}}],"line":35},"3":{"loc":{"start":{"line":39,"column":2},"end":{"line":39,"column":null}},"type":"if","locations":[{"start":{"line":39,"column":2},"end":{"line":39,"column":null}},{"start":{},"end":{}}],"line":39},"4":{"loc":{"start":{"line":41,"column":2},"end":{"line":41,"column":null}},"type":"if","locations":[{"start":{"line":41,"column":2},"end":{"line":41,"column":null}},{"start":{},"end":{}}],"line":41},"5":{"loc":{"start":{"line":43,"column":2},"end":{"line":43,"column":null}},"type":"if","locations":[{"start":{"line":43,"column":2},"end":{"line":43,"column":null}},{"start":{},"end":{}}],"line":43},"6":{"loc":{"start":{"line":63,"column":7},"end":{"line":72,"column":null}},"type":"binary-expr","locations":[{"start":{"line":63,"column":7},"end":{"line":63,"column":null}},{"start":{"line":64,"column":8},"end":{"line":72,"column":null}}],"line":63}},"s":{"0":1,"1":1,"2":4,"3":97,"4":97,"5":97,"6":78,"7":78,"8":78,"9":97,"10":0,"11":0,"12":0,"13":97,"14":0,"15":0,"16":0,"17":97,"18":7,"19":90,"20":90,"21":89,"22":89,"23":2,"24":2},"f":{"0":4,"1":97,"2":78,"3":0,"4":0,"5":2},"b":{"0":[97,97],"1":[0,0],"2":[0,0],"3":[7,90],"4":[1,89],"5":[87,2],"6":[2,2]},"meta":{"lastBranch":7,"lastFunction":6,"lastStatement":25,"seen":{"s:7:22:7:Infinity":0,"s:14:6:15:37":1,"f:14:6:14:27":0,"s:15:2:15:37":2,"f:17:24:17:32":1,"s:18:23:18:59":3,"s:19:15:19:Infinity":4,"b:19:15:19:47:19:51:19:Infinity":0,"s:21:8:25:19":5,"f:21:27:21:41":2,"s:22:10:22:Infinity":6,"s:23:21:23:Infinity":7,"s:24:4:24:Infinity":8,"s:27:8:30:Infinity":9,"f:27:8:27:36":3,"s:28:17:28:Infinity":10,"s:29:25:29:Infinity":11,"b:29:25:29:46:29:50:29:Infinity":1,"s:30:4:30:Infinity":12,"s:33:8:36:Infinity":13,"f:33:8:33:36":4,"s:34:17:34:Infinity":14,"s:35:25:35:Infinity":15,"b:35:25:35:46:35:50:35:Infinity":2,"s:36:4:36:Infinity":16,"b:39:2:39:Infinity:undefined:undefined:undefined:undefined":3,"s:39:2:39:Infinity":17,"s:39:17:39:Infinity":18,"b:41:2:41:Infinity:undefined:undefined:undefined:undefined":4,"s:41:2:41:Infinity":19,"s:41:13:41:Infinity":20,"b:43:2:43:Infinity:undefined:undefined:undefined:undefined":5,"s:43:2:43:Infinity":21,"s:43:26:43:Infinity":22,"s:45:2:72:Infinity":23,"f:57:28:57:33":5,"s:58:12:58:Infinity":24,"b:63:7:63:Infinity:64:8:72:Infinity":6}}}
,"C:\\Users\\Виктория\\class-components\\src\\components\\Search.tsx": {"path":"C:\\Users\\Виктория\\class-components\\src\\components\\Search.tsx","statementMap":{"0":{"start":{"line":9,"column":23},"end":{"line":9,"column":59}},"1":{"start":{"line":10,"column":16},"end":{"line":10,"column":65}},"2":{"start":{"line":11,"column":21},"end":{"line":11,"column":75}},"3":{"start":{"line":13,"column":27},"end":{"line":17,"column":4}},"4":{"start":{"line":15,"column":4},"end":{"line":15,"column":44}},"5":{"start":{"line":19,"column":8},"end":{"line":19,"column":38}},"6":{"start":{"line":21,"column":2},"end":{"line":35,"column":null}},"7":{"start":{"line":22,"column":21},"end":{"line":22,"column":42}},"8":{"start":{"line":23,"column":4},"end":{"line":27,"column":null}},"9":{"start":{"line":25,"column":6},"end":{"line":25,"column":null}},"10":{"start":{"line":26,"column":6},"end":{"line":26,"column":null}},"11":{"start":{"line":27,"column":6},"end":{"line":27,"column":null}},"12":{"start":{"line":30,"column":18},"end":{"line":30,"column":52}},"13":{"start":{"line":31,"column":4},"end":{"line":33,"column":null}},"14":{"start":{"line":32,"column":6},"end":{"line":32,"column":null}},"15":{"start":{"line":33,"column":6},"end":{"line":33,"column":null}},"16":{"start":{"line":37,"column":2},"end":{"line":41,"column":null}},"17":{"start":{"line":38,"column":4},"end":{"line":39,"column":null}},"18":{"start":{"line":39,"column":6},"end":{"line":39,"column":null}},"19":{"start":{"line":43,"column":8},"end":{"line":44,"column":null}},"20":{"start":{"line":44,"column":4},"end":{"line":44,"column":null}},"21":{"start":{"line":47,"column":8},"end":{"line":51,"column":null}},"22":{"start":{"line":48,"column":20},"end":{"line":48,"column":32}},"23":{"start":{"line":49,"column":4},"end":{"line":51,"column":null}},"24":{"start":{"line":50,"column":6},"end":{"line":50,"column":null}},"25":{"start":{"line":51,"column":6},"end":{"line":51,"column":null}},"26":{"start":{"line":55,"column":8},"end":{"line":56,"column":null}},"27":{"start":{"line":56,"column":4},"end":{"line":56,"column":null}},"28":{"start":{"line":59,"column":2},"end":{"line":71,"column":null}}},"fnMap":{"0":{"name":"Search","decl":{"start":{"line":8,"column":24},"end":{"line":8,"column":33}},"loc":{"start":{"line":8,"column":33},"end":{"line":71,"column":null}},"line":8},"1":{"name":"(anonymous_1)","decl":{"start":{"line":15,"column":4},"end":{"line":15,"column":19}},"loc":{"start":{"line":15,"column":4},"end":{"line":15,"column":44}},"line":15},"2":{"name":"(anonymous_2)","decl":{"start":{"line":21,"column":2},"end":{"line":21,"column":18}},"loc":{"start":{"line":21,"column":18},"end":{"line":35,"column":6}},"line":21},"3":{"name":"(anonymous_3)","decl":{"start":{"line":37,"column":2},"end":{"line":37,"column":18}},"loc":{"start":{"line":37,"column":18},"end":{"line":41,"column":6}},"line":37},"4":{"name":"(anonymous_4)","decl":{"start":{"line":43,"column":8},"end":{"line":43,"column":29}},"loc":{"start":{"line":43,"column":72},"end":{"line":44,"column":null}},"line":43},"5":{"name":"(anonymous_5)","decl":{"start":{"line":47,"column":8},"end":{"line":47,"column":34}},"loc":{"start":{"line":47,"column":34},"end":{"line":51,"column":null}},"line":47},"6":{"name":"(anonymous_6)","decl":{"start":{"line":55,"column":8},"end":{"line":55,"column":30}},"loc":{"start":{"line":55,"column":30},"end":{"line":56,"column":null}},"line":55}},"branchMap":{"0":{"loc":{"start":{"line":10,"column":37},"end":{"line":10,"column":65}},"type":"binary-expr","locations":[{"start":{"line":10,"column":37},"end":{"line":10,"column":58}},{"start":{"line":10,"column":62},"end":{"line":10,"column":65}}],"line":10},"1":{"loc":{"start":{"line":11,"column":47},"end":{"line":11,"column":75}},"type":"binary-expr","locations":[{"start":{"line":11,"column":47},"end":{"line":11,"column":68}},{"start":{"line":11,"column":72},"end":{"line":11,"column":75}}],"line":11},"2":{"loc":{"start":{"line":23,"column":4},"end":{"line":27,"column":null}},"type":"if","locations":[{"start":{"line":23,"column":4},"end":{"line":27,"column":null}},{"start":{},"end":{}}],"line":23},"3":{"loc":{"start":{"line":31,"column":4},"end":{"line":33,"column":null}},"type":"if","locations":[{"start":{"line":31,"column":4},"end":{"line":33,"column":null}},{"start":{},"end":{}}],"line":31},"4":{"loc":{"start":{"line":38,"column":4},"end":{"line":39,"column":null}},"type":"if","locations":[{"start":{"line":38,"column":4},"end":{"line":39,"column":null}},{"start":{},"end":{}}],"line":38},"5":{"loc":{"start":{"line":49,"column":4},"end":{"line":51,"column":null}},"type":"if","locations":[{"start":{"line":49,"column":4},"end":{"line":51,"column":null}},{"start":{},"end":{}}],"line":49},"6":{"loc":{"start":{"line":67,"column":15},"end":{"line":67,"column":25}},"type":"binary-expr","locations":[{"start":{"line":67,"column":15},"end":{"line":67,"column":23}},{"start":{"line":67,"column":23},"end":{"line":67,"column":25}}],"line":67},"7":{"loc":{"start":{"line":69,"column":15},"end":{"line":69,"column":null}},"type":"binary-expr","locations":[{"start":{"line":69,"column":15},"end":{"line":69,"column":33}},{"start":{"line":69,"column":33},"end":{"line":69,"column":null}}],"line":69}},"s":{"0":98,"1":98,"2":98,"3":98,"4":8,"5":98,"6":98,"7":97,"8":97,"9":0,"10":0,"11":0,"12":97,"13":97,"14":0,"15":0,"16":98,"17":16,"18":8,"19":98,"20":75,"21":98,"22":9,"23":9,"24":9,"25":9,"26":98,"27":1,"28":98},"f":{"0":98,"1":8,"2":97,"3":16,"4":75,"5":9,"6":1},"b":{"0":[98,98],"1":[98,98],"2":[0,97],"3":[0,97],"4":[8,8],"5":[9,0],"6":[98,73],"7":[98,97]},"meta":{"lastBranch":8,"lastFunction":7,"lastStatement":29,"seen":{"f:8:24:8:33":0,"s:9:23:9:59":0,"s:10:16:10:65":1,"b:10:37:10:58:10:62:10:65":0,"s:11:21:11:75":2,"b:11:47:11:68:11:72:11:75":1,"s:13:27:17:4":3,"f:15:4:15:19":1,"s:15:4:15:44":4,"s:19:8:19:38":5,"s:21:2:35:Infinity":6,"f:21:2:21:18":2,"s:22:21:22:42":7,"b:23:4:27:Infinity:undefined:undefined:undefined:undefined":2,"s:23:4:27:Infinity":8,"s:25:6:25:Infinity":9,"s:26:6:26:Infinity":10,"s:27:6:27:Infinity":11,"s:30:18:30:52":12,"b:31:4:33:Infinity:undefined:undefined:undefined:undefined":3,"s:31:4:33:Infinity":13,"s:32:6:32:Infinity":14,"s:33:6:33:Infinity":15,"s:37:2:41:Infinity":16,"f:37:2:37:18":3,"b:38:4:39:Infinity:undefined:undefined:undefined:undefined":4,"s:38:4:39:Infinity":17,"s:39:6:39:Infinity":18,"s:43:8:44:Infinity":19,"f:43:8:43:29":4,"s:44:4:44:Infinity":20,"s:47:8:51:Infinity":21,"f:47:8:47:34":5,"s:48:20:48:32":22,"b:49:4:51:Infinity:undefined:undefined:undefined:undefined":5,"s:49:4:51:Infinity":23,"s:50:6:50:Infinity":24,"s:51:6:51:Infinity":25,"s:55:8:56:Infinity":26,"f:55:8:55:30":6,"s:56:4:56:Infinity":27,"s:59:2:71:Infinity":28,"b:67:15:67:23:67:23:67:25":6,"b:69:15:69:33:69:33:69:Infinity":7}}}
,"C:\\Users\\Виктория\\class-components\\src\\store\\use-items-store.ts": {"path":"C:\\Users\\Виктория\\class-components\\src\\store\\use-items-store.ts","statementMap":{"0":{"start":{"line":17,"column":13},"end":{"line":51,"column":null}},"1":{"start":{"line":19,"column":19},"end":{"line":47,"column":null}},"2":{"start":{"line":23,"column":8},"end":{"line":39,"column":null}},"3":{"start":{"line":24,"column":36},"end":{"line":25,"column":null}},"4":{"start":{"line":25,"column":26},"end":{"line":25,"column":null}},"5":{"start":{"line":28,"column":10},"end":{"line":37,"column":null}},"6":{"start":{"line":29,"column":12},"end":{"line":33,"column":null}},"7":{"start":{"line":31,"column":30},"end":{"line":31,"column":null}},"8":{"start":{"line":35,"column":12},"end":{"line":37,"column":null}},"9":{"start":{"line":41,"column":25},"end":{"line":41,"column":51}},"10":{"start":{"line":44,"column":22},"end":{"line":44,"column":27}},"11":{"start":{"line":45,"column":8},"end":{"line":45,"column":null}},"12":{"start":{"line":45,"column":50},"end":{"line":45,"column":69}}},"fnMap":{"0":{"name":"(anonymous_0)","decl":{"start":{"line":18,"column":2},"end":{"line":18,"column":null}},"loc":{"start":{"line":19,"column":19},"end":{"line":47,"column":null}},"line":19},"1":{"name":"(anonymous_1)","decl":{"start":{"line":22,"column":6},"end":{"line":22,"column":19}},"loc":{"start":{"line":23,"column":8},"end":{"line":39,"column":null}},"line":23},"2":{"name":"(anonymous_2)","decl":{"start":{"line":23,"column":8},"end":{"line":23,"column":13}},"loc":{"start":{"line":23,"column":23},"end":{"line":39,"column":null}},"line":23},"3":{"name":"(anonymous_3)","decl":{"start":{"line":24,"column":56},"end":{"line":24,"column":null}},"loc":{"start":{"line":25,"column":26},"end":{"line":25,"column":null}},"line":25},"4":{"name":"(anonymous_4)","decl":{"start":{"line":30,"column":49},"end":{"line":30,"column":null}},"loc":{"start":{"line":31,"column":30},"end":{"line":31,"column":null}},"line":31},"5":{"name":"(anonymous_5)","decl":{"start":{"line":41,"column":6},"end":{"line":41,"column":25}},"loc":{"start":{"line":41,"column":25},"end":{"line":41,"column":51}},"line":41},"6":{"name":"(anonymous_6)","decl":{"start":{"line":43,"column":6},"end":{"line":43,"column":19}},"loc":{"start":{"line":43,"column":28},"end":{"line":45,"column":null}},"line":43},"7":{"name":"(anonymous_7)","decl":{"start":{"line":45,"column":35},"end":{"line":45,"column":41}},"loc":{"start":{"line":45,"column":50},"end":{"line":45,"column":69}},"line":45}},"branchMap":{"0":{"loc":{"start":{"line":28,"column":10},"end":{"line":37,"column":null}},"type":"if","locations":[{"start":{"line":28,"column":10},"end":{"line":37,"column":null}},{"start":{"line":34,"column":17},"end":{"line":37,"column":null}}],"line":28}},"s":{"0":1,"1":1,"2":0,"3":0,"4":0,"5":0,"6":0,"7":0,"8":0,"9":0,"10":2,"11":2,"12":0},"f":{"0":1,"1":0,"2":0,"3":0,"4":0,"5":0,"6":2,"7":0},"b":{"0":[0,0]},"meta":{"lastBranch":1,"lastFunction":8,"lastStatement":13,"seen":{"s:17:13:51:Infinity":0,"f:18:2:18:Infinity":0,"s:19:19:47:Infinity":1,"f:22:6:22:19":1,"s:23:8:39:Infinity":2,"f:23:8:23:13":2,"s:24:36:25:Infinity":3,"f:24:56:24:Infinity":3,"s:25:26:25:Infinity":4,"b:28:10:37:Infinity:34:17:37:Infinity":0,"s:28:10:37:Infinity":5,"s:29:12:33:Infinity":6,"f:30:49:30:Infinity":4,"s:31:30:31:Infinity":7,"s:35:12:37:Infinity":8,"f:41:6:41:25":5,"s:41:25:41:51":9,"f:43:6:43:19":6,"s:44:22:44:27":10,"s:45:8:45:Infinity":11,"f:45:35:45:41":7,"s:45:50:45:69":12}}}
}
